2020-06-20 15:26:08,210 ****************************************************************************** 
2020-06-20 15:26:08,211 ===>     TC002 - 2020_06_20_15_26_08 
2020-06-20 15:26:08,211 ****************************************************************************** 
2020-06-20 15:26:15,162 Unable to enter Text 9885 entered into element User ID 
2020-06-20 15:26:15,162 no such window: target window already closed
from unknown error: web view not found
  (Session info: chrome=83.0.4103.106)
Build info: version: '3.141.59', revision: 'e82be7d358', time: '2018-11-14T08:17:03'
System info: host: 'LAPTOP-U74Q3VS2', ip: '192.168.0.103', os.name: 'Windows 10', os.arch: 'amd64', os.version: '10.0', java.version: '1.8.0_251'
Driver info: org.openqa.selenium.chrome.ChromeDriver
Capabilities {acceptInsecureCerts: false, browserName: chrome, browserVersion: 83.0.4103.106, chrome: {chromedriverVersion: 83.0.4103.39 (ccbf011cb2d2b..., userDataDir: C:\Users\SURESH~1\AppData\L...}, goog:chromeOptions: {debuggerAddress: localhost:65527}, javascriptEnabled: true, networkConnectionEnabled: false, pageLoadStrategy: normal, platform: WINDOWS, platformName: WINDOWS, proxy: Proxy(), setWindowRect: true, strictFileInteractability: false, timeouts: {implicit: 0, pageLoad: 300000, script: 30000}, unhandledPromptBehavior: dismiss and notify, webauthn:virtualAuthenticators: true}
Session ID: 2889bd8ac84c4e40d785f1290c5e4622
*** Element info: {Using=name, value=ADMIN_MOBILE} 
2020-06-20 15:26:15,234 Unable to enter Text 123 entered into element Password 
2020-06-20 15:26:15,234 no such window: target window already closed
from unknown error: web view not found
  (Session info: chrome=83.0.4103.106)
Build info: version: '3.141.59', revision: 'e82be7d358', time: '2018-11-14T08:17:03'
System info: host: 'LAPTOP-U74Q3VS2', ip: '192.168.0.103', os.name: 'Windows 10', os.arch: 'amd64', os.version: '10.0', java.version: '1.8.0_251'
Driver info: org.openqa.selenium.chrome.ChromeDriver
Capabilities {acceptInsecureCerts: false, browserName: chrome, browserVersion: 83.0.4103.106, chrome: {chromedriverVersion: 83.0.4103.39 (ccbf011cb2d2b..., userDataDir: C:\Users\SURESH~1\AppData\L...}, goog:chromeOptions: {debuggerAddress: localhost:65527}, javascriptEnabled: true, networkConnectionEnabled: false, pageLoadStrategy: normal, platform: WINDOWS, platformName: WINDOWS, proxy: Proxy(), setWindowRect: true, strictFileInteractability: false, timeouts: {implicit: 0, pageLoad: 300000, script: 30000}, unhandledPromptBehavior: dismiss and notify, webauthn:virtualAuthenticators: true}
Session ID: 2889bd8ac84c4e40d785f1290c5e4622
*** Element info: {Using=name, value=ADMIN_PASSWORD} 
2020-06-20 15:26:15,277 no such window: target window already closed
from unknown error: web view not found
  (Session info: chrome=83.0.4103.106)
Build info: version: '3.141.59', revision: 'e82be7d358', time: '2018-11-14T08:17:03'
System info: host: 'LAPTOP-U74Q3VS2', ip: '192.168.0.103', os.name: 'Windows 10', os.arch: 'amd64', os.version: '10.0', java.version: '1.8.0_251'
Driver info: org.openqa.selenium.chrome.ChromeDriver
Capabilities {acceptInsecureCerts: false, browserName: chrome, browserVersion: 83.0.4103.106, chrome: {chromedriverVersion: 83.0.4103.39 (ccbf011cb2d2b..., userDataDir: C:\Users\SURESH~1\AppData\L...}, goog:chromeOptions: {debuggerAddress: localhost:65527}, javascriptEnabled: true, networkConnectionEnabled: false, pageLoadStrategy: normal, platform: WINDOWS, platformName: WINDOWS, proxy: Proxy(), setWindowRect: true, strictFileInteractability: false, timeouts: {implicit: 0, pageLoad: 300000, script: 30000}, unhandledPromptBehavior: dismiss and notify, webauthn:virtualAuthenticators: true}
Session ID: 2889bd8ac84c4e40d785f1290c5e4622
*** Element info: {Using=name, value=submitA} 
